{"C:\\Users\\chris\\Desktop\\Directories\\FSPT2022\\CMA\\DnD Manager\\Backend\\src\\api\\auth\\auth.bll.js": {"path":"C:\\Users\\chris\\Desktop\\Directories\\FSPT2022\\CMA\\DnD Manager\\Backend\\src\\api\\auth\\auth.bll.js","statementMap":{"0":{"start":{"line":6,"column":18},"end":{"line":9,"column":3}},"1":{"start":{"line":11,"column":16},"end":{"line":11,"column":104}},"2":{"start":{"line":12,"column":2},"end":{"line":12,"column":15}},"3":{"start":{"line":16,"column":22},"end":{"line":22,"column":4}},"4":{"start":{"line":17,"column":4},"end":{"line":21,"column":5}},"5":{"start":{"line":18,"column":6},"end":{"line":18,"column":29}},"6":{"start":{"line":20,"column":6},"end":{"line":20,"column":56}},"7":{"start":{"line":23,"column":2},"end":{"line":23,"column":21}},"8":{"start":{"line":27,"column":27},"end":{"line":27,"column":33}},"9":{"start":{"line":28,"column":28},"end":{"line":28,"column":55}},"10":{"start":{"line":29,"column":15},"end":{"line":29,"column":101}},"11":{"start":{"line":30,"column":2},"end":{"line":34,"column":3}},"12":{"start":{"line":31,"column":4},"end":{"line":31,"column":26}},"13":{"start":{"line":33,"column":4},"end":{"line":33,"column":39}},"14":{"start":{"line":38,"column":40},"end":{"line":38,"column":46}},"15":{"start":{"line":39,"column":28},"end":{"line":39,"column":55}},"16":{"start":{"line":40,"column":15},"end":{"line":40,"column":78}},"17":{"start":{"line":41,"column":16},"end":{"line":41,"column":30}},"18":{"start":{"line":42,"column":2},"end":{"line":42,"column":15}},"19":{"start":{"line":46,"column":30},"end":{"line":46,"column":36}},"20":{"start":{"line":47,"column":28},"end":{"line":47,"column":55}},"21":{"start":{"line":48,"column":18},"end":{"line":48,"column":81}},"22":{"start":{"line":49,"column":2},"end":{"line":49,"column":17}},"23":{"start":{"line":53,"column":18},"end":{"line":53,"column":53}},"24":{"start":{"line":54,"column":2},"end":{"line":54,"column":17}}},"fnMap":{"0":{"name":"getToken","decl":{"start":{"line":5,"column":9},"end":{"line":5,"column":17}},"loc":{"start":{"line":5,"column":24},"end":{"line":13,"column":1}},"line":5},"1":{"name":"verifyToken","decl":{"start":{"line":15,"column":9},"end":{"line":15,"column":20}},"loc":{"start":{"line":15,"column":28},"end":{"line":24,"column":1}},"line":15},"2":{"name":"(anonymous_2)","decl":{"start":{"line":16,"column":69},"end":{"line":16,"column":70}},"loc":{"start":{"line":16,"column":89},"end":{"line":22,"column":3}},"line":16},"3":{"name":"login","decl":{"start":{"line":26,"column":15},"end":{"line":26,"column":20}},"loc":{"start":{"line":26,"column":38},"end":{"line":35,"column":1}},"line":26},"4":{"name":"register","decl":{"start":{"line":37,"column":15},"end":{"line":37,"column":23}},"loc":{"start":{"line":37,"column":32},"end":{"line":43,"column":1}},"line":37},"5":{"name":"updateUser","decl":{"start":{"line":45,"column":15},"end":{"line":45,"column":25}},"loc":{"start":{"line":45,"column":38},"end":{"line":50,"column":1}},"line":45},"6":{"name":"deleteUser","decl":{"start":{"line":52,"column":15},"end":{"line":52,"column":25}},"loc":{"start":{"line":52,"column":30},"end":{"line":55,"column":1}},"line":52}},"branchMap":{"0":{"loc":{"start":{"line":17,"column":4},"end":{"line":21,"column":5}},"type":"if","locations":[{"start":{"line":17,"column":4},"end":{"line":21,"column":5}},{"start":{"line":19,"column":11},"end":{"line":21,"column":5}}],"line":17},"1":{"loc":{"start":{"line":29,"column":15},"end":{"line":29,"column":101}},"type":"cond-expr","locations":[{"start":{"line":29,"column":25},"end":{"line":29,"column":60}},{"start":{"line":29,"column":63},"end":{"line":29,"column":101}}],"line":29},"2":{"loc":{"start":{"line":30,"column":2},"end":{"line":34,"column":3}},"type":"if","locations":[{"start":{"line":30,"column":2},"end":{"line":34,"column":3}},{"start":{"line":32,"column":9},"end":{"line":34,"column":3}}],"line":30}},"s":{"0":0,"1":0,"2":0,"3":0,"4":0,"5":0,"6":0,"7":0,"8":1,"9":1,"10":1,"11":0,"12":0,"13":0,"14":0,"15":0,"16":0,"17":0,"18":0,"19":0,"20":0,"21":0,"22":0,"23":0,"24":0},"f":{"0":0,"1":0,"2":0,"3":1,"4":0,"5":0,"6":0},"b":{"0":[0,0],"1":[1,0],"2":[0,0]},"_coverageSchema":"1a1c01bbd47fc00a2c39e90264f33305004495a9","hash":"229037e0ca7d4312451bc0251adb5ea896bdaa31"}
,"C:\\Users\\chris\\Desktop\\Directories\\FSPT2022\\CMA\\DnD Manager\\Backend\\src\\api\\users\\users.model.js": {"path":"C:\\Users\\chris\\Desktop\\Directories\\FSPT2022\\CMA\\DnD Manager\\Backend\\src\\api\\users\\users.model.js","statementMap":{"0":{"start":{"line":3,"column":19},"end":{"line":24,"column":2}},"1":{"start":{"line":26,"column":13},"end":{"line":26,"column":47}}},"fnMap":{},"branchMap":{},"s":{"0":1,"1":1},"f":{},"b":{},"_coverageSchema":"1a1c01bbd47fc00a2c39e90264f33305004495a9","hash":"d225d9819f7463ae8da10f0c07dd6363b840ed30"}
,"C:\\Users\\chris\\Desktop\\Directories\\FSPT2022\\CMA\\DnD Manager\\Backend\\src\\api\\users\\users.repository.js": {"path":"C:\\Users\\chris\\Desktop\\Directories\\FSPT2022\\CMA\\DnD Manager\\Backend\\src\\api\\users\\users.repository.js","statementMap":{"0":{"start":{"line":5,"column":25},"end":{"line":5,"column":67}},"1":{"start":{"line":6,"column":2},"end":{"line":6,"column":71}},"2":{"start":{"line":6,"column":23},"end":{"line":6,"column":70}},"3":{"start":{"line":8,"column":22},"end":{"line":8,"column":61}},"4":{"start":{"line":9,"column":2},"end":{"line":9,"column":65}},"5":{"start":{"line":9,"column":20},"end":{"line":9,"column":64}},"6":{"start":{"line":11,"column":15},"end":{"line":11,"column":66}},"7":{"start":{"line":12,"column":2},"end":{"line":12,"column":14}},"8":{"start":{"line":16,"column":15},"end":{"line":16,"column":66}},"9":{"start":{"line":17,"column":2},"end":{"line":18,"column":20}},"10":{"start":{"line":17,"column":14},"end":{"line":17,"column":48}},"11":{"start":{"line":18,"column":8},"end":{"line":18,"column":19}},"12":{"start":{"line":22,"column":15},"end":{"line":22,"column":57}},"13":{"start":{"line":23,"column":2},"end":{"line":24,"column":20}},"14":{"start":{"line":23,"column":14},"end":{"line":23,"column":48}},"15":{"start":{"line":24,"column":8},"end":{"line":24,"column":19}},"16":{"start":{"line":28,"column":15},"end":{"line":28,"column":54}},"17":{"start":{"line":29,"column":2},"end":{"line":30,"column":20}},"18":{"start":{"line":29,"column":14},"end":{"line":29,"column":48}},"19":{"start":{"line":30,"column":8},"end":{"line":30,"column":19}},"20":{"start":{"line":34,"column":15},"end":{"line":34,"column":88}},"21":{"start":{"line":35,"column":2},"end":{"line":35,"column":49}},"22":{"start":{"line":35,"column":14},"end":{"line":35,"column":48}},"23":{"start":{"line":36,"column":18},"end":{"line":36,"column":69}},"24":{"start":{"line":37,"column":2},"end":{"line":37,"column":17}},"25":{"start":{"line":41,"column":15},"end":{"line":41,"column":75}},"26":{"start":{"line":42,"column":2},"end":{"line":43,"column":20}},"27":{"start":{"line":42,"column":14},"end":{"line":42,"column":48}},"28":{"start":{"line":43,"column":8},"end":{"line":43,"column":19}}},"fnMap":{"0":{"name":"createUser","decl":{"start":{"line":4,"column":15},"end":{"line":4,"column":25}},"loc":{"start":{"line":4,"column":53},"end":{"line":13,"column":1}},"line":4},"1":{"name":"getUserById","decl":{"start":{"line":15,"column":15},"end":{"line":15,"column":26}},"loc":{"start":{"line":15,"column":31},"end":{"line":19,"column":1}},"line":15},"2":{"name":"getUserByUsername","decl":{"start":{"line":21,"column":15},"end":{"line":21,"column":32}},"loc":{"start":{"line":21,"column":43},"end":{"line":25,"column":1}},"line":21},"3":{"name":"getUserByEmail","decl":{"start":{"line":27,"column":15},"end":{"line":27,"column":29}},"loc":{"start":{"line":27,"column":37},"end":{"line":31,"column":1}},"line":27},"4":{"name":"updateUserById","decl":{"start":{"line":33,"column":15},"end":{"line":33,"column":29}},"loc":{"start":{"line":33,"column":47},"end":{"line":38,"column":1}},"line":33},"5":{"name":"deleteUserById","decl":{"start":{"line":40,"column":15},"end":{"line":40,"column":29}},"loc":{"start":{"line":40,"column":34},"end":{"line":44,"column":1}},"line":40}},"branchMap":{"0":{"loc":{"start":{"line":6,"column":2},"end":{"line":6,"column":71}},"type":"if","locations":[{"start":{"line":6,"column":2},"end":{"line":6,"column":71}},{"start":{},"end":{}}],"line":6},"1":{"loc":{"start":{"line":9,"column":2},"end":{"line":9,"column":65}},"type":"if","locations":[{"start":{"line":9,"column":2},"end":{"line":9,"column":65}},{"start":{},"end":{}}],"line":9},"2":{"loc":{"start":{"line":17,"column":2},"end":{"line":18,"column":20}},"type":"if","locations":[{"start":{"line":17,"column":2},"end":{"line":18,"column":20}},{"start":{"line":18,"column":7},"end":{"line":18,"column":20}}],"line":17},"3":{"loc":{"start":{"line":23,"column":2},"end":{"line":24,"column":20}},"type":"if","locations":[{"start":{"line":23,"column":2},"end":{"line":24,"column":20}},{"start":{"line":24,"column":7},"end":{"line":24,"column":20}}],"line":23},"4":{"loc":{"start":{"line":29,"column":2},"end":{"line":30,"column":20}},"type":"if","locations":[{"start":{"line":29,"column":2},"end":{"line":30,"column":20}},{"start":{"line":30,"column":7},"end":{"line":30,"column":20}}],"line":29},"5":{"loc":{"start":{"line":35,"column":2},"end":{"line":35,"column":49}},"type":"if","locations":[{"start":{"line":35,"column":2},"end":{"line":35,"column":49}},{"start":{},"end":{}}],"line":35},"6":{"loc":{"start":{"line":42,"column":2},"end":{"line":43,"column":20}},"type":"if","locations":[{"start":{"line":42,"column":2},"end":{"line":43,"column":20}},{"start":{"line":43,"column":7},"end":{"line":43,"column":20}}],"line":42}},"s":{"0":0,"1":0,"2":0,"3":0,"4":0,"5":0,"6":0,"7":0,"8":0,"9":0,"10":0,"11":0,"12":0,"13":0,"14":0,"15":0,"16":1,"17":0,"18":0,"19":0,"20":0,"21":0,"22":0,"23":0,"24":0,"25":0,"26":0,"27":0,"28":0},"f":{"0":0,"1":0,"2":0,"3":1,"4":0,"5":0},"b":{"0":[0,0],"1":[0,0],"2":[0,0],"3":[0,0],"4":[0,0],"5":[0,0],"6":[0,0]},"_coverageSchema":"1a1c01bbd47fc00a2c39e90264f33305004495a9","hash":"74ccc134e7c2b71f29c3253f12c9ee5e50adb20a"}
,"C:\\Users\\chris\\Desktop\\Directories\\FSPT2022\\CMA\\DnD Manager\\Backend\\src\\test\\cajeroautomatico.js": {"path":"C:\\Users\\chris\\Desktop\\Directories\\FSPT2022\\CMA\\DnD Manager\\Backend\\src\\test\\cajeroautomatico.js","statementMap":{"0":{"start":{"line":2,"column":2},"end":{"line":2,"column":80}},"1":{"start":{"line":2,"column":68},"end":{"line":2,"column":79}},"2":{"start":{"line":3,"column":18},"end":{"line":3,"column":30}},"3":{"start":{"line":5,"column":17},"end":{"line":5,"column":92}},"4":{"start":{"line":6,"column":14},"end":{"line":22,"column":3}},"5":{"start":{"line":24,"column":2},"end":{"line":28,"column":3}},"6":{"start":{"line":24,"column":15},"end":{"line":24,"column":16}},"7":{"start":{"line":25,"column":19},"end":{"line":25,"column":68}},"8":{"start":{"line":26,"column":4},"end":{"line":26,"column":86}},"9":{"start":{"line":27,"column":4},"end":{"line":27,"column":27}},"10":{"start":{"line":29,"column":2},"end":{"line":29,"column":15}}},"fnMap":{"0":{"name":"retrieveMoney","decl":{"start":{"line":1,"column":16},"end":{"line":1,"column":29}},"loc":{"start":{"line":1,"column":38},"end":{"line":30,"column":1}},"line":1}},"branchMap":{"0":{"loc":{"start":{"line":2,"column":2},"end":{"line":2,"column":80}},"type":"if","locations":[{"start":{"line":2,"column":2},"end":{"line":2,"column":80}},{"start":{},"end":{}}],"line":2},"1":{"loc":{"start":{"line":2,"column":6},"end":{"line":2,"column":64}},"type":"binary-expr","locations":[{"start":{"line":2,"column":6},"end":{"line":2,"column":19}},{"start":{"line":2,"column":23},"end":{"line":2,"column":33}},{"start":{"line":2,"column":37},"end":{"line":2,"column":64}}],"line":2},"2":{"loc":{"start":{"line":26,"column":4},"end":{"line":26,"column":85}},"type":"cond-expr","locations":[{"start":{"line":26,"column":12},"end":{"line":26,"column":47}},{"start":{"line":26,"column":50},"end":{"line":26,"column":85}}],"line":26}},"s":{"0":0,"1":0,"2":0,"3":0,"4":0,"5":0,"6":0,"7":0,"8":0,"9":0,"10":0},"f":{"0":0},"b":{"0":[0,0],"1":[0,0,0],"2":[0,0]},"_coverageSchema":"1a1c01bbd47fc00a2c39e90264f33305004495a9","hash":"3c000a764b569a6142a7d5de5a4367c4897e72cb"}
}
