TN:
SF:src\api\auth\auth.bll.js
FN:5,getToken
FN:15,verifyToken
FN:16,(anonymous_2)
FN:26,login
FN:37,register
FN:45,updateUser
FN:52,deleteUser
FNF:7
FNH:1
FNDA:0,getToken
FNDA:0,verifyToken
FNDA:0,(anonymous_2)
FNDA:1,login
FNDA:0,register
FNDA:0,updateUser
FNDA:0,deleteUser
DA:6,0
DA:11,0
DA:12,0
DA:16,0
DA:17,0
DA:18,0
DA:20,0
DA:23,0
DA:27,1
DA:28,1
DA:29,1
DA:30,0
DA:31,0
DA:33,0
DA:38,0
DA:39,0
DA:40,0
DA:41,0
DA:42,0
DA:46,0
DA:47,0
DA:48,0
DA:49,0
DA:53,0
DA:54,0
LF:25
LH:3
BRDA:17,0,0,0
BRDA:17,0,1,0
BRDA:29,1,0,1
BRDA:29,1,1,0
BRDA:30,2,0,0
BRDA:30,2,1,0
BRF:6
BRH:1
end_of_record
TN:
SF:src\api\users\users.model.js
FNF:0
FNH:0
DA:3,1
DA:26,1
LF:2
LH:2
BRF:0
BRH:0
end_of_record
TN:
SF:src\api\users\users.repository.js
FN:4,createUser
FN:15,getUserById
FN:21,getUserByUsername
FN:27,getUserByEmail
FN:33,updateUserById
FN:40,deleteUserById
FNF:6
FNH:1
FNDA:0,createUser
FNDA:0,getUserById
FNDA:0,getUserByUsername
FNDA:1,getUserByEmail
FNDA:0,updateUserById
FNDA:0,deleteUserById
DA:5,0
DA:6,0
DA:8,0
DA:9,0
DA:11,0
DA:12,0
DA:16,0
DA:17,0
DA:18,0
DA:22,0
DA:23,0
DA:24,0
DA:28,1
DA:29,0
DA:30,0
DA:34,0
DA:35,0
DA:36,0
DA:37,0
DA:41,0
DA:42,0
DA:43,0
LF:22
LH:1
BRDA:6,0,0,0
BRDA:6,0,1,0
BRDA:9,1,0,0
BRDA:9,1,1,0
BRDA:17,2,0,0
BRDA:17,2,1,0
BRDA:23,3,0,0
BRDA:23,3,1,0
BRDA:29,4,0,0
BRDA:29,4,1,0
BRDA:35,5,0,0
BRDA:35,5,1,0
BRDA:42,6,0,0
BRDA:42,6,1,0
BRF:14
BRH:0
end_of_record
TN:
SF:src\test\cajeroautomatico.js
FN:1,retrieveMoney
FNF:1
FNH:0
FNDA:0,retrieveMoney
DA:2,0
DA:3,0
DA:5,0
DA:6,0
DA:24,0
DA:25,0
DA:26,0
DA:27,0
DA:29,0
LF:9
LH:0
BRDA:2,0,0,0
BRDA:2,0,1,0
BRDA:2,1,0,0
BRDA:2,1,1,0
BRDA:2,1,2,0
BRDA:26,2,0,0
BRDA:26,2,1,0
BRF:7
BRH:0
end_of_record
